

Version:	3.50
CmdLine:	C:\Users\Marci\Desktop\ConjugaMe\ConjugaMe.exe --l4j-debug
JNI:		No
WOW64:		Yes
Working dir:	C:\Users\Marci\Desktop\ConjugaMe\.
Requires JDK:	No
Requires 64-Bit: No
Java min ver:	
Java max ver:	
Substitute:	JAVA_HOME = 
Substitute:	PATH = C:\Program Files\Common Files\Oracle\Java\javapath;C:\Program Files (x86)\Common Files\Oracle\Java\javapath;C:\Python310\Scripts\;C:\Python310\;C:\WINDOWS\system32;C:\WINDOWS;C:\WINDOWS\System32\Wbem;C:\WINDOWS\System32\WindowsPowerShell\v1.0\;C:\WINDOWS\System32\OpenSSH\;C:\ProgramData\chocolatey\bin;C:\tools\php81;C:\tools\php72;C:\Program Files\Git\cmd;C:\Program Files\PuTTY\;C:\ProgramData\ComposerSetup\bin;C:\Program Files\nodejs\;C:\Users\Marci\AppData\Local\Microsoft\WindowsApps;C:\Users\Marci\AppData\Local\Programs\Microsoft VS Code\bin;C:\Users\Marci\AppData\Local\GitHubDesktop\bin;C:\Users\Marci\AppData\Roaming\Composer\vendor\bin;C:\Users\Marci\AppData\Roaming\npm;C:\Program Files\Java\jre1.8.0_341\bin
JRE paths:	;C:\Program Files\Common Files\Oracle\Java\javapath;C:\Program Files (x86)\Common Files\Oracle\Java\javapath;C:\Python310\Scripts\;C:\Python310\;C:\WINDOWS\system32;C:\WINDOWS;C:\WINDOWS\System32\Wbem;C:\WINDOWS\System32\WindowsPowerShell\v1.0\;C:\WINDOWS\System32\OpenSSH\;C:\ProgramData\chocolatey\bin;C:\tools\php81;C:\tools\php72;C:\Program Files\Git\cmd;C:\Program Files\PuTTY\;C:\ProgramData\ComposerSetup\bin;C:\Program Files\nodejs\;C:\Users\Marci\AppData\Local\Microsoft\WindowsApps;C:\Users\Marci\AppData\Local\Programs\Microsoft VS Code\bin;C:\Users\Marci\AppData\Local\GitHubDesktop\bin;C:\Users\Marci\AppData\Roaming\Composer\vendor\bin;C:\Users\Marci\AppData\Roaming\npm;C:\Program Files\Java\jre1.8.0_341\bin
Check launcher:	C:\Program Files\Common Files\Oracle\Java\javapath\bin\javaw.exe (not found)
Check launcher:	C:\Program Files (x86)\Common Files\Oracle\Java\javapath\bin\javaw.exe (not found)
Check launcher:	C:\Python310\Scripts\bin\javaw.exe (not found)
Check launcher:	C:\Python310\bin\javaw.exe (not found)
Check launcher:	C:\WINDOWS\system32\bin\javaw.exe (not found)
Check launcher:	C:\WINDOWS\bin\javaw.exe (not found)
Check launcher:	C:\WINDOWS\System32\Wbem\bin\javaw.exe (not found)
Check launcher:	C:\WINDOWS\System32\WindowsPowerShell\v1.0\bin\javaw.exe (not found)
Check launcher:	C:\WINDOWS\System32\OpenSSH\bin\javaw.exe (not found)
Check launcher:	C:\ProgramData\chocolatey\bin\javaw.exe (not found)
Check launcher:	C:\tools\php81\bin\javaw.exe (not found)
Check launcher:	C:\tools\php72\bin\javaw.exe (not found)
Check launcher:	C:\Program Files\Git\cmd\bin\javaw.exe (not found)
Check launcher:	C:\Program Files\PuTTY\bin\javaw.exe (not found)
Check launcher:	C:\ProgramData\ComposerSetup\bin\javaw.exe (not found)
Check launcher:	C:\Program Files\nodejs\bin\javaw.exe (not found)
Check launcher:	C:\Users\Marci\AppData\Local\Microsoft\WindowsApps\bin\javaw.exe (not found)
Check launcher:	C:\Users\Marci\AppData\Local\Programs\Microsoft VS Code\bin\javaw.exe (not found)
Check launcher:	C:\Users\Marci\AppData\Local\GitHubDesktop\bin\javaw.exe (not found)
Check launcher:	C:\Users\Marci\AppData\Roaming\Composer\vendor\bin\javaw.exe (not found)
Check launcher:	C:\Users\Marci\AppData\Roaming\npm\bin\javaw.exe (not found)
Check launcher:	C:\Program Files\Java\jre1.8.0_341\bin\javaw.exe (OK)
Version string: 1.008.000_341 / 64-Bit (OK)
Launcher:	C:\Program Files\Java\jre1.8.0_341\bin\javaw.exe
Launcher args:	-jar "C:\Users\Marci\Desktop\ConjugaMe\ConjugaMe.exe"
Args length:	53/32768 chars
Exit code:	0


Version:	3.50
CmdLine:	C:\Users\Marci\Desktop\ConjugaMe\ConjugaMe.exe --l4j-debug
JNI:		No
WOW64:		Yes
Working dir:	C:\Users\Marci\Desktop\ConjugaMe\.
Requires JDK:	Yes
Requires 64-Bit: No
Java min ver:	
Java max ver:	
Substitute:	JAVA_HOME = 
Substitute:	PATH = C:\Program Files\Common Files\Oracle\Java\javapath;C:\Program Files (x86)\Common Files\Oracle\Java\javapath;C:\Python310\Scripts\;C:\Python310\;C:\WINDOWS\system32;C:\WINDOWS;C:\WINDOWS\System32\Wbem;C:\WINDOWS\System32\WindowsPowerShell\v1.0\;C:\WINDOWS\System32\OpenSSH\;C:\ProgramData\chocolatey\bin;C:\tools\php81;C:\tools\php72;C:\Program Files\Git\cmd;C:\Program Files\PuTTY\;C:\ProgramData\ComposerSetup\bin;C:\Program Files\nodejs\;C:\Users\Marci\AppData\Local\Microsoft\WindowsApps;C:\Users\Marci\AppData\Local\Programs\Microsoft VS Code\bin;C:\Users\Marci\AppData\Local\GitHubDesktop\bin;C:\Users\Marci\AppData\Roaming\Composer\vendor\bin;C:\Users\Marci\AppData\Roaming\npm;C:\Program Files (x86)\Java\jre1.8.0_351\bin
JRE paths:	;C:\Program Files\Common Files\Oracle\Java\javapath;C:\Program Files (x86)\Common Files\Oracle\Java\javapath;C:\Python310\Scripts\;C:\Python310\;C:\WINDOWS\system32;C:\WINDOWS;C:\WINDOWS\System32\Wbem;C:\WINDOWS\System32\WindowsPowerShell\v1.0\;C:\WINDOWS\System32\OpenSSH\;C:\ProgramData\chocolatey\bin;C:\tools\php81;C:\tools\php72;C:\Program Files\Git\cmd;C:\Program Files\PuTTY\;C:\ProgramData\ComposerSetup\bin;C:\Program Files\nodejs\;C:\Users\Marci\AppData\Local\Microsoft\WindowsApps;C:\Users\Marci\AppData\Local\Programs\Microsoft VS Code\bin;C:\Users\Marci\AppData\Local\GitHubDesktop\bin;C:\Users\Marci\AppData\Roaming\Composer\vendor\bin;C:\Users\Marci\AppData\Roaming\npm;C:\Program Files (x86)\Java\jre1.8.0_351\bin
Check launcher:	C:\Program Files\Common Files\Oracle\Java\javapath\bin\javaw.exe (not found)
Check launcher:	C:\Program Files (x86)\Common Files\Oracle\Java\javapath\bin\javaw.exe (not found)
Check launcher:	C:\Python310\Scripts\bin\javaw.exe (not found)
Check launcher:	C:\Python310\bin\javaw.exe (not found)
Check launcher:	C:\WINDOWS\system32\bin\javaw.exe (not found)
Check launcher:	C:\WINDOWS\bin\javaw.exe (not found)
Check launcher:	C:\WINDOWS\System32\Wbem\bin\javaw.exe (not found)
Check launcher:	C:\WINDOWS\System32\WindowsPowerShell\v1.0\bin\javaw.exe (not found)
Check launcher:	C:\WINDOWS\System32\OpenSSH\bin\javaw.exe (not found)
Check launcher:	C:\ProgramData\chocolatey\bin\javaw.exe (not found)
Check launcher:	C:\tools\php81\bin\javaw.exe (not found)
Check launcher:	C:\tools\php72\bin\javaw.exe (not found)
Check launcher:	C:\Program Files\Git\cmd\bin\javaw.exe (not found)
Check launcher:	C:\Program Files\PuTTY\bin\javaw.exe (not found)
Check launcher:	C:\ProgramData\ComposerSetup\bin\javaw.exe (not found)
Check launcher:	C:\Program Files\nodejs\bin\javaw.exe (not found)
Check launcher:	C:\Users\Marci\AppData\Local\Microsoft\WindowsApps\bin\javaw.exe (not found)
Check launcher:	C:\Users\Marci\AppData\Local\Programs\Microsoft VS Code\bin\javaw.exe (not found)
Check launcher:	C:\Users\Marci\AppData\Local\GitHubDesktop\bin\javaw.exe (not found)
Check launcher:	C:\Users\Marci\AppData\Roaming\Composer\vendor\bin\javaw.exe (not found)
Check launcher:	C:\Users\Marci\AppData\Roaming\npm\bin\javaw.exe (not found)
Check launcher:	C:\Program Files (x86)\Java\jre1.8.0_351\bin\javaw.exe (OK)
Check javac:	C:\Program Files (x86)\Java\jre1.8.0_351\bin\javac.exe (not found)
Error msg:	This application requires a Java Runtime Environment.


Version:	3.50
CmdLine:	C:\Users\Marci\Desktop\ConjugaMe\ConjugaMe.exe --l4j-debug
JNI:		No
WOW64:		Yes
Working dir:	C:\Users\Marci\Desktop\ConjugaMe\.
Requires JDK:	Yes
Requires 64-Bit: No
Java min ver:	
Java max ver:	
JRE paths:	C:\Program Files (x86)\Java\jre1.8.0_351
Check launcher:	C:\Program Files (x86)\Java\jre1.8.0_351\bin\javaw.exe (OK)
Check javac:	C:\Program Files (x86)\Java\jre1.8.0_351\bin\javac.exe (not found)
Error msg:	This application requires a Java Runtime Environment.
